<?xml version="1.0" encoding="UTF-8"?>
<!-- Generated by org.testng.reporters.JUnitXMLReporter -->
<testsuite ignored="0" hostname="Venkatesh" failures="0" tests="14" name="Default test" time="29.479" errors="0" timestamp="2024-04-29T00:45:14 IST">
  <testcase classname="com.askmeOffers.HomepageSearch" name="testSearch" time="2.339"/>
  <testcase classname="com.askmeOffers.HomepageSearch" name="testSearch" time="2.32"/>
  <testcase classname="com.askmeOffers.HomepageSearch" name="testSearch" time="2.333"/>
  <testcase classname="com.askmeOffers.HomepageSearch" name="testSearch" time="2.249"/>
  <testcase classname="com.askmeOffers.HomepageSearch" name="testSearch" time="2.267"/>
  <testcase classname="com.askmeOffers.HomepageSearch" name="testSearch" time="2.317"/>
  <testcase classname="com.askmeOffers.HomepageSearch" name="testSearch" time="2.329"/>
  <testcase classname="com.askmeOffers.HomepageSearch" name="testSearch" time="2.31"/>
  <testcase classname="com.askmeOffers.HomepageSearch" name="testSearch" time="2.339"/>
  <testcase classname="com.askmeOffers.HomepageSearch" name="testSearch" time="2.383"/>
  <testcase classname="com.askmeOffers.HomepageSearch" name="testInvalidSearchQueries" time="0.281"/>
  <testcase classname="com.askmeOffers.HomepageSearch" name="testInvalidSearchQueries" time="0.244"/>
  <testcase classname="com.askmeOffers.HomepageSearch" name="testInvalidSearchQueries" time="0.364"/>
  <testcase classname="com.askmeOffers.HomepageSearch" name="testSearchResultsDisplayed" time="0.334"/>
</testsuite> <!-- Default test -->
