<?xml version="1.0" encoding="UTF-8"?>
<!-- Generated by org.testng.reporters.JUnitXMLReporter -->
<testsuite ignored="0" hostname="Venkatesh" failures="0" tests="42" name="Test" time="416.381" errors="0" timestamp="2024-04-29T01:05:46 IST">
  <testcase classname="com.askmeOffers.BreakingNewsPage" name="checkImages" time="4.84"/>
  <testcase classname="com.askmeOffers.BreakingNewsPage" name="verifyBrokenImages" time="2.587"/>
  <testcase classname="com.askmeOffers.BreakingNewsPage" name="TestAllLinksOnHomepage" time="3.793"/>
  <testcase classname="com.askmeOffers.BreakingNewsPage" name="verifyBrokenLinks" time="20.578"/>
  <testcase classname="com.askmeOffers.HomePage" name="checkImages" time="1.487"/>
  <testcase classname="com.askmeOffers.HomePage" name="verifyBrokenImages" time="0.752"/>
  <testcase classname="com.askmeOffers.HomePage" name="TestAllLinksOnHomepage" time="2.124"/>
  <testcase classname="com.askmeOffers.HomePage" name="verifyBrokenLinks" time="11.099"/>
  <testcase classname="com.askmeOffers.HomepageSearch" name="testSearch" time="2.331"/>
  <testcase classname="com.askmeOffers.HomepageSearch" name="testSearch" time="2.273"/>
  <testcase classname="com.askmeOffers.HomepageSearch" name="testSearch" time="2.292"/>
  <testcase classname="com.askmeOffers.HomepageSearch" name="testSearch" time="2.283"/>
  <testcase classname="com.askmeOffers.HomepageSearch" name="testSearch" time="2.27"/>
  <testcase classname="com.askmeOffers.HomepageSearch" name="testSearch" time="2.283"/>
  <testcase classname="com.askmeOffers.HomepageSearch" name="testSearch" time="2.23"/>
  <testcase classname="com.askmeOffers.HomepageSearch" name="testSearch" time="2.326"/>
  <testcase classname="com.askmeOffers.HomepageSearch" name="testSearch" time="2.318"/>
  <testcase classname="com.askmeOffers.HomepageSearch" name="testSearch" time="2.293"/>
  <testcase classname="com.askmeOffers.HomepageSearch" name="testInvalidSearchQueries" time="0.266"/>
  <testcase classname="com.askmeOffers.HomepageSearch" name="testInvalidSearchQueries" time="0.26"/>
  <testcase classname="com.askmeOffers.HomepageSearch" name="testInvalidSearchQueries" time="0.285"/>
  <testcase classname="com.askmeOffers.HomepageSearch" name="testSearchResultsDisplayed" time="0.325"/>
  <testcase classname="com.askmeOffers.AboutUsPage" name="checkImages" time="0.506"/>
  <testcase classname="com.askmeOffers.AboutUsPage" name="verifyBrokenImages" time="0.226"/>
  <testcase classname="com.askmeOffers.AboutUsPage" name="TestAllLinksOnHomepage" time="0.968"/>
  <testcase classname="com.askmeOffers.AboutUsPage" name="verifyBrokenLinks" time="10.146"/>
  <testcase classname="com.askmeOffers.OurHistoryPage" name="checkImages" time="0.09"/>
  <testcase classname="com.askmeOffers.OurHistoryPage" name="verifyBrokenImages" time="0.061"/>
  <testcase classname="com.askmeOffers.OurHistoryPage" name="TestAllLinksOnHomepage" time="1.055"/>
  <testcase classname="com.askmeOffers.OurHistoryPage" name="verifyBrokenLinks" time="11.542"/>
  <testcase classname="com.askmeOffers.navigateToTechPage" name="checkImages" time="3.264"/>
  <testcase classname="com.askmeOffers.navigateToTechPage" name="verifyBrokenImages" time="1.866"/>
  <testcase classname="com.askmeOffers.navigateToTechPage" name="TestAllLinksOnHomepage" time="2.986"/>
  <testcase classname="com.askmeOffers.navigateToTechPage" name="verifyBrokenLinks" time="18.553"/>
  <testcase classname="com.askmeOffers.EcommerceNewsPage" name="checkImages" time="42.122"/>
  <testcase classname="com.askmeOffers.EcommerceNewsPage" name="verifyBrokenImages" time="20.219"/>
  <testcase classname="com.askmeOffers.EcommerceNewsPage" name="TestAllLinksOnHomepage" time="48.782"/>
  <testcase classname="com.askmeOffers.EcommerceNewsPage" name="verifyBrokenLinks" time="54.338"/>
  <testcase classname="com.askmeOffers.HealthPage" name="checkImages" time="11.786"/>
  <testcase classname="com.askmeOffers.HealthPage" name="verifyBrokenImages" time="6.463"/>
  <testcase classname="com.askmeOffers.HealthPage" name="TestAllLinksOnHomepage" time="7.136"/>
  <testcase classname="com.askmeOffers.HealthPage" name="verifyBrokenLinks" time="23.035"/>
</testsuite> <!-- Test -->
